2025-09-22T22:07:38.057-03:00  INFO 25698 --- [Checkpoint02 Advanced Java] [restartedMain] .t.c.Checkpoint02AdvancedJavaApplication : Starting Checkpoint02AdvancedJavaApplication using Java 21.0.8 with PID 25698 (/home/paulgramador/CodeProjects/Learning/FIAP/2ยบ Ano/Java Advanced/checkpoint02-adv-java/target/classes started by paulgramador in /home/paulgramador/CodeProjects/Learning/FIAP/2ยบ Ano/Java Advanced/checkpoint02-adv-java)
2025-09-22T22:07:38.061-03:00  INFO 25698 --- [Checkpoint02 Advanced Java] [restartedMain] .t.c.Checkpoint02AdvancedJavaApplication : No active profile set, falling back to 1 default profile: "default"
2025-09-22T22:07:38.115-03:00  INFO 25698 --- [Checkpoint02 Advanced Java] [restartedMain] .e.DevToolsPropertyDefaultsPostProcessor : Devtools property defaults active! Set 'spring.devtools.add-properties' to 'false' to disable
2025-09-22T22:07:38.116-03:00  INFO 25698 --- [Checkpoint02 Advanced Java] [restartedMain] .e.DevToolsPropertyDefaultsPostProcessor : For additional web related logging consider setting the 'logging.level.web' property to 'DEBUG'
2025-09-22T22:07:39.099-03:00  INFO 25698 --- [Checkpoint02 Advanced Java] [restartedMain] .s.d.r.c.RepositoryConfigurationDelegate : Bootstrapping Spring Data JPA repositories in DEFAULT mode.
2025-09-22T22:07:39.175-03:00  INFO 25698 --- [Checkpoint02 Advanced Java] [restartedMain] .s.d.r.c.RepositoryConfigurationDelegate : Finished Spring Data repository scanning in 63 ms. Found 2 JPA repository interfaces.
2025-09-22T22:07:39.665-03:00  INFO 25698 --- [Checkpoint02 Advanced Java] [restartedMain] o.s.b.w.embedded.tomcat.TomcatWebServer  : Tomcat initialized with port 8080 (http)
2025-09-22T22:07:39.679-03:00  INFO 25698 --- [Checkpoint02 Advanced Java] [restartedMain] o.apache.catalina.core.StandardService   : Starting service [Tomcat]
2025-09-22T22:07:39.680-03:00  INFO 25698 --- [Checkpoint02 Advanced Java] [restartedMain] o.apache.catalina.core.StandardEngine    : Starting Servlet engine: [Apache Tomcat/10.1.44]
2025-09-22T22:07:39.724-03:00  INFO 25698 --- [Checkpoint02 Advanced Java] [restartedMain] o.a.c.c.C.[Tomcat].[localhost].[/]       : Initializing Spring embedded WebApplicationContext
2025-09-22T22:07:39.724-03:00  INFO 25698 --- [Checkpoint02 Advanced Java] [restartedMain] w.s.c.ServletWebServerApplicationContext : Root WebApplicationContext: initialization completed in 1607 ms
2025-09-22T22:07:39.916-03:00  INFO 25698 --- [Checkpoint02 Advanced Java] [restartedMain] o.hibernate.jpa.internal.util.LogHelper  : HHH000204: Processing PersistenceUnitInfo [name: default]
2025-09-22T22:07:39.966-03:00  INFO 25698 --- [Checkpoint02 Advanced Java] [restartedMain] org.hibernate.Version                    : HHH000412: Hibernate ORM core version 6.6.26.Final
2025-09-22T22:07:39.985-03:00  INFO 25698 --- [Checkpoint02 Advanced Java] [restartedMain] o.h.c.internal.RegionFactoryInitiator    : HHH000026: Second-level cache disabled
2025-09-22T22:07:40.175-03:00  INFO 25698 --- [Checkpoint02 Advanced Java] [restartedMain] o.s.o.j.p.SpringPersistenceUnitInfo      : No LoadTimeWeaver setup: ignoring JPA class transformer
2025-09-22T22:07:40.203-03:00  INFO 25698 --- [Checkpoint02 Advanced Java] [restartedMain] com.zaxxer.hikari.HikariDataSource       : HikariPool-1 - Starting...
2025-09-22T22:07:40.476-03:00  INFO 25698 --- [Checkpoint02 Advanced Java] [restartedMain] com.zaxxer.hikari.pool.HikariPool        : HikariPool-1 - Added connection conn0: url=jdbc:h2:file:./data/database user=SA
2025-09-22T22:07:40.478-03:00  INFO 25698 --- [Checkpoint02 Advanced Java] [restartedMain] com.zaxxer.hikari.HikariDataSource       : HikariPool-1 - Start completed.
2025-09-22T22:07:40.533-03:00  INFO 25698 --- [Checkpoint02 Advanced Java] [restartedMain] org.hibernate.orm.connections.pooling    : HHH10001005: Database info:
	Database JDBC URL [Connecting through datasource 'HikariDataSource (HikariPool-1)']
	Database driver: undefined/unknown
	Database version: 2.3.232
	Autocommit mode: undefined/unknown
	Isolation level: undefined/unknown
	Minimum pool size: undefined/unknown
	Maximum pool size: undefined/unknown
2025-09-22T22:07:41.138-03:00  INFO 25698 --- [Checkpoint02 Advanced Java] [restartedMain] o.h.e.t.j.p.i.JtaPlatformInitiator       : HHH000489: No JTA platform available (set 'hibernate.transaction.jta.platform' to enable JTA platform integration)
2025-09-22T22:07:41.179-03:00  INFO 25698 --- [Checkpoint02 Advanced Java] [restartedMain] j.LocalContainerEntityManagerFactoryBean : Initialized JPA EntityManagerFactory for persistence unit 'default'
2025-09-22T22:07:41.478-03:00  WARN 25698 --- [Checkpoint02 Advanced Java] [restartedMain] JpaBaseConfiguration$JpaWebConfiguration : spring.jpa.open-in-view is enabled by default. Therefore, database queries may be performed during view rendering. Explicitly configure spring.jpa.open-in-view to disable this warning
2025-09-22T22:07:41.859-03:00  INFO 25698 --- [Checkpoint02 Advanced Java] [restartedMain] o.s.b.a.h2.H2ConsoleAutoConfiguration    : H2 console available at '/console'. Database available at 'jdbc:h2:file:./data/database'
2025-09-22T22:07:41.931-03:00  INFO 25698 --- [Checkpoint02 Advanced Java] [restartedMain] o.s.b.d.a.OptionalLiveReloadServer       : LiveReload server is running on port 35729
2025-09-22T22:07:41.962-03:00  INFO 25698 --- [Checkpoint02 Advanced Java] [restartedMain] o.s.b.w.embedded.tomcat.TomcatWebServer  : Tomcat started on port 8080 (http) with context path '/'
2025-09-22T22:07:41.978-03:00  INFO 25698 --- [Checkpoint02 Advanced Java] [restartedMain] .t.c.Checkpoint02AdvancedJavaApplication : Started Checkpoint02AdvancedJavaApplication in 4.354 seconds (process running for 4.761)
2025-09-22T22:07:48.562-03:00  INFO 25698 --- [Checkpoint02 Advanced Java] [http-nio-8080-exec-1] o.a.c.c.C.[Tomcat].[localhost].[/]       : Initializing Spring DispatcherServlet 'dispatcherServlet'
2025-09-22T22:07:48.563-03:00  INFO 25698 --- [Checkpoint02 Advanced Java] [http-nio-8080-exec-1] o.s.web.servlet.DispatcherServlet        : Initializing Servlet 'dispatcherServlet'
2025-09-22T22:07:48.565-03:00  INFO 25698 --- [Checkpoint02 Advanced Java] [http-nio-8080-exec-1] o.s.web.servlet.DispatcherServlet        : Completed initialization in 1 ms
2025-09-22T22:07:48.647-03:00 TRACE 25698 --- [Checkpoint02 Advanced Java] [http-nio-8080-exec-1] o.s.t.i.TransactionInterceptor           : Getting transaction for [org.springframework.data.jpa.repository.support.SimpleJpaRepository.findAll]
2025-09-22T22:07:48.765-03:00 DEBUG 25698 --- [Checkpoint02 Advanced Java] [http-nio-8080-exec-1] org.hibernate.SQL                        : 
    select
        d1_0.id,
        d1_0.battery_capacity,
        d1_0.model,
        d1_0.status 
    from
        drones d1_0
2025-09-22T22:07:48.799-03:00 TRACE 25698 --- [Checkpoint02 Advanced Java] [http-nio-8080-exec-1] o.s.t.i.TransactionInterceptor           : Completing transaction for [org.springframework.data.jpa.repository.support.SimpleJpaRepository.findAll]
2025-09-22T22:07:52.683-03:00 TRACE 25698 --- [Checkpoint02 Advanced Java] [http-nio-8080-exec-2] o.s.t.i.TransactionInterceptor           : Getting transaction for [org.springframework.data.jpa.repository.support.SimpleJpaRepository.findAll]
2025-09-22T22:07:52.685-03:00 DEBUG 25698 --- [Checkpoint02 Advanced Java] [http-nio-8080-exec-2] org.hibernate.SQL                        : 
    select
        m1_0.id,
        m1_0.description,
        m1_0.drone_id,
        m1_0.location,
        m1_0.scheduled_data 
    from
        missions m1_0
2025-09-22T22:07:52.701-03:00 DEBUG 25698 --- [Checkpoint02 Advanced Java] [http-nio-8080-exec-2] org.hibernate.SQL                        : 
    select
        d1_0.id,
        d1_0.battery_capacity,
        d1_0.model,
        d1_0.status 
    from
        drones d1_0 
    where
        d1_0.id=?
2025-09-22T22:07:52.706-03:00 DEBUG 25698 --- [Checkpoint02 Advanced Java] [http-nio-8080-exec-2] org.hibernate.SQL                        : 
    select
        d1_0.id,
        d1_0.battery_capacity,
        d1_0.model,
        d1_0.status 
    from
        drones d1_0 
    where
        d1_0.id=?
2025-09-22T22:07:52.712-03:00 DEBUG 25698 --- [Checkpoint02 Advanced Java] [http-nio-8080-exec-2] org.hibernate.SQL                        : 
    select
        d1_0.id,
        d1_0.battery_capacity,
        d1_0.model,
        d1_0.status 
    from
        drones d1_0 
    where
        d1_0.id=?
2025-09-22T22:07:52.718-03:00 DEBUG 25698 --- [Checkpoint02 Advanced Java] [http-nio-8080-exec-2] org.hibernate.SQL                        : 
    select
        d1_0.id,
        d1_0.battery_capacity,
        d1_0.model,
        d1_0.status 
    from
        drones d1_0 
    where
        d1_0.id=?
2025-09-22T22:07:52.720-03:00 DEBUG 25698 --- [Checkpoint02 Advanced Java] [http-nio-8080-exec-2] org.hibernate.SQL                        : 
    select
        d1_0.id,
        d1_0.battery_capacity,
        d1_0.model,
        d1_0.status 
    from
        drones d1_0 
    where
        d1_0.id=?
2025-09-22T22:07:52.724-03:00 DEBUG 25698 --- [Checkpoint02 Advanced Java] [http-nio-8080-exec-2] org.hibernate.SQL                        : 
    select
        d1_0.id,
        d1_0.battery_capacity,
        d1_0.model,
        d1_0.status 
    from
        drones d1_0 
    where
        d1_0.id=?
2025-09-22T22:07:52.728-03:00 DEBUG 25698 --- [Checkpoint02 Advanced Java] [http-nio-8080-exec-2] org.hibernate.SQL                        : 
    select
        d1_0.id,
        d1_0.battery_capacity,
        d1_0.model,
        d1_0.status 
    from
        drones d1_0 
    where
        d1_0.id=?
2025-09-22T22:07:52.729-03:00 DEBUG 25698 --- [Checkpoint02 Advanced Java] [http-nio-8080-exec-2] org.hibernate.SQL                        : 
    select
        d1_0.id,
        d1_0.battery_capacity,
        d1_0.model,
        d1_0.status 
    from
        drones d1_0 
    where
        d1_0.id=?
2025-09-22T22:07:52.730-03:00 DEBUG 25698 --- [Checkpoint02 Advanced Java] [http-nio-8080-exec-2] org.hibernate.SQL                        : 
    select
        d1_0.id,
        d1_0.battery_capacity,
        d1_0.model,
        d1_0.status 
    from
        drones d1_0 
    where
        d1_0.id=?
2025-09-22T22:07:52.733-03:00 DEBUG 25698 --- [Checkpoint02 Advanced Java] [http-nio-8080-exec-2] org.hibernate.SQL                        : 
    select
        d1_0.id,
        d1_0.battery_capacity,
        d1_0.model,
        d1_0.status 
    from
        drones d1_0 
    where
        d1_0.id=?
2025-09-22T22:07:52.735-03:00 TRACE 25698 --- [Checkpoint02 Advanced Java] [http-nio-8080-exec-2] o.s.t.i.TransactionInterceptor           : Completing transaction for [org.springframework.data.jpa.repository.support.SimpleJpaRepository.findAll]
2025-09-22T22:08:12.858-03:00  INFO 25698 --- [Checkpoint02 Advanced Java] [SpringApplicationShutdownHook] o.s.b.w.e.tomcat.GracefulShutdown        : Commencing graceful shutdown. Waiting for active requests to complete
2025-09-22T22:08:12.868-03:00  INFO 25698 --- [Checkpoint02 Advanced Java] [tomcat-shutdown] o.s.b.w.e.tomcat.GracefulShutdown        : Graceful shutdown complete
2025-09-22T22:08:12.888-03:00  INFO 25698 --- [Checkpoint02 Advanced Java] [SpringApplicationShutdownHook] j.LocalContainerEntityManagerFactoryBean : Closing JPA EntityManagerFactory for persistence unit 'default'
2025-09-22T22:08:12.895-03:00  INFO 25698 --- [Checkpoint02 Advanced Java] [SpringApplicationShutdownHook] com.zaxxer.hikari.HikariDataSource       : HikariPool-1 - Shutdown initiated...
2025-09-22T22:08:12.898-03:00  INFO 25698 --- [Checkpoint02 Advanced Java] [SpringApplicationShutdownHook] com.zaxxer.hikari.HikariDataSource       : HikariPool-1 - Shutdown completed.
